{"name": "Проверка разных выборов цвета", "status": "failed", "statusDetails": {"message": "AssertionError: assert 500 == 201\n +  where 500 = <Response [500]>.status_code", "trace": "self = <test_order.TestLogin object at 0x000002F05B71AE70>, color = (['GREY'],)\n\n    @pytest.mark.parametrize('color',\n                             color_order_data)\n    @allure.title('Проверка разных выборов цвета')\n    def test_success_create_order_color(self, color):\n        payload = build_dictionary()\n        payload['color'] = color\n        response = requests.post(ORDER_URL, data=payload)\n>       assert response.status_code == 201 # {'code': 500, 'message': 'values.map is not a function'}\nE       assert 500 == 201\nE        +  where 500 = <Response [500]>.status_code\n\ntests\\test_order.py:18: AssertionError"}, "steps": [{"name": "Создаем словарь со случайно сгенерированными данными", "status": "passed", "start": 1716992131336, "stop": 1716992131638}], "parameters": [{"name": "color", "value": "(['GREY'],)"}], "start": 1716992131335, "stop": 1716992132767, "uuid": "1aecf960-15ee-4558-a6a5-b1de69ee4523", "historyId": "5143e2d2d6c213c8357f89de65d43f16", "testCaseId": "ec270ed4340d95304f4739ba1c945a1a", "fullName": "tests.test_order.TestLogin#test_success_create_order_color", "labels": [{"name": "parentSuite", "value": "tests"}, {"name": "suite", "value": "test_order"}, {"name": "subSuite", "value": "TestLogin"}, {"name": "host", "value": "LAPTOP-8BB0DG15"}, {"name": "thread", "value": "14096-MainThread"}, {"name": "framework", "value": "pytest"}, {"name": "language", "value": "cpython3"}, {"name": "package", "value": "tests.test_order"}]}